<?xml version="1.0" encoding="UTF-8"?>
<!-- Generated by org.testng.reporters.JUnitXMLReporter -->
<testsuite ignored="0" hostname="DESKTOP-0H4BH5U" failures="0" tests="3" name="DAO Tests" time="1.136" errors="0" timestamp="2025-09-18T21:34:28 IST">
  <testcase classname="com.healthcare.dao.UserDAOTest" name="testAddAndGetUser" time="0.713"/>
  <testcase classname="com.healthcare.dao.DoctorDAOTest" name="testGetAllDoctors" time="0.162"/>
  <testcase classname="com.healthcare.service.AppointmentServiceTest" name="testBookAppointment" time="0.191"/>
</testsuite> <!-- DAO Tests -->
