<?xml version="1.0" encoding="UTF-8"?>
<testng-results ignored="0" total="1" passed="1" failed="0" skipped="0">
  <reporter-output>
  </reporter-output>
  <suite started-at="2025-09-18T13:00:15 IST" name="Default suite" finished-at="2025-09-18T13:00:16 IST" duration-ms="544">
    <groups>
    </groups>
    <test started-at="2025-09-18T13:00:15 IST" name="Default test" finished-at="2025-09-18T13:00:16 IST" duration-ms="544">
      <class name="com.healthcare.service.AppointmentServiceTest">
        <test-method signature="testBookAppointment()[pri:0, instance:com.healthcare.service.AppointmentServiceTest@7334aada]" started-at="2025-09-18T13:00:15 IST" name="testBookAppointment" finished-at="2025-09-18T13:00:16 IST" duration-ms="503" status="PASS">
          <reporter-output>
          </reporter-output>
        </test-method> <!-- testBookAppointment -->
      </class> <!-- com.healthcare.service.AppointmentServiceTest -->
    </test> <!-- Default test -->
  </suite> <!-- Default suite -->
</testng-results>
