<?xml version="1.0" encoding="UTF-8"?>
<testng-results ignored="0" total="3" passed="3" failed="0" skipped="0">
  <reporter-output>
  </reporter-output>
  <suite started-at="2025-09-18T21:34:27 IST" name="HealthcareTestSuite" finished-at="2025-09-18T21:34:28 IST" duration-ms="1136">
    <groups>
    </groups>
    <test started-at="2025-09-18T21:34:27 IST" name="DAO Tests" finished-at="2025-09-18T21:34:28 IST" duration-ms="1136">
      <class name="com.healthcare.dao.UserDAOTest">
        <test-method signature="testAddAndGetUser()[pri:0, instance:com.healthcare.dao.UserDAOTest@42e99e4a]" started-at="2025-09-18T21:34:27 IST" name="testAddAndGetUser" finished-at="2025-09-18T21:34:28 IST" duration-ms="713" status="PASS">
          <reporter-output>
          </reporter-output>
        </test-method> <!-- testAddAndGetUser -->
      </class> <!-- com.healthcare.dao.UserDAOTest -->
      <class name="com.healthcare.service.AppointmentServiceTest">
        <test-method signature="testBookAppointment()[pri:0, instance:com.healthcare.service.AppointmentServiceTest@3ce1e309]" started-at="2025-09-18T21:34:28 IST" name="testBookAppointment" finished-at="2025-09-18T21:34:28 IST" duration-ms="191" status="PASS">
          <reporter-output>
          </reporter-output>
        </test-method> <!-- testBookAppointment -->
      </class> <!-- com.healthcare.service.AppointmentServiceTest -->
      <class name="com.healthcare.dao.DoctorDAOTest">
        <test-method signature="testGetAllDoctors()[pri:0, instance:com.healthcare.dao.DoctorDAOTest@8dbdac1]" started-at="2025-09-18T21:34:28 IST" name="testGetAllDoctors" finished-at="2025-09-18T21:34:28 IST" duration-ms="162" status="PASS">
          <reporter-output>
          </reporter-output>
        </test-method> <!-- testGetAllDoctors -->
      </class> <!-- com.healthcare.dao.DoctorDAOTest -->
    </test> <!-- DAO Tests -->
  </suite> <!-- HealthcareTestSuite -->
</testng-results>
